<?xml version="1.0" encoding="UTF-8"?>
<!-- Generated by org.testng.reporters.JUnitReportReporter -->
<testsuite skipped="1" hostname="Lokeshs-Air" name="udemy.practice.secondTestNGClass" tests="1" failures="0" timestamp="21 Jun 2019 05:37:51 GMT" time="0.000" errors="0">
  <testcase name="test" time="0.000" classname="udemy.practice.secondTestNGClass">
    <skipped/>
  </testcase> <!-- test -->
</testsuite> <!-- udemy.practice.secondTestNGClass -->
