<?xml version="1.0" encoding="UTF-8"?>
<!-- Generated by org.testng.reporters.JUnitReportReporter -->
<testsuite skipped="7" hostname="Lokeshs-Air" name="udemy.practice.DataDrivenLibraryAPITest" tests="7" failures="0" timestamp="21 Jun 2019 07:21:41 GMT" time="0.002" errors="0">
  <testcase name="deleteBooks" time="0.000" classname="udemy.practice.DataDrivenLibraryAPITest">
    <skipped/>
  </testcase> <!-- deleteBooks -->
  <testcase name="deleteBooks" time="0.000" classname="udemy.practice.DataDrivenLibraryAPITest">
    <skipped/>
  </testcase> <!-- deleteBooks -->
  <testcase name="addBooks" time="0.000" classname="udemy.practice.DataDrivenLibraryAPITest">
    <skipped/>
  </testcase> <!-- addBooks -->
  <testcase name="testLog4J" time="0.000" classname="udemy.practice.DataDrivenLibraryAPITest">
    <skipped/>
  </testcase> <!-- testLog4J -->
  <testcase name="addBooks" time="0.000" classname="udemy.practice.DataDrivenLibraryAPITest">
    <skipped/>
  </testcase> <!-- addBooks -->
  <testcase name="addBooks" time="0.002" classname="udemy.practice.DataDrivenLibraryAPITest">
    <skipped/>
  </testcase> <!-- addBooks -->
  <testcase name="deleteBooks" time="0.000" classname="udemy.practice.DataDrivenLibraryAPITest">
    <skipped/>
  </testcase> <!-- deleteBooks -->
</testsuite> <!-- udemy.practice.DataDrivenLibraryAPITest -->
