<?xml version="1.0" encoding="UTF-8"?>
<!-- Generated by org.testng.reporters.JUnitReportReporter -->
<testsuite skipped="9" hostname="Lokeshs-Air" name="udemy.practice.TestNGPracticeTest" tests="9" failures="0" timestamp="21 Jun 2019 07:21:41 GMT" time="0.000" errors="0">
  <testcase name="testSix" time="0.000" classname="udemy.practice.TestNGPracticeTest">
    <skipped/>
  </testcase> <!-- testSix -->
  <testcase name="testBefore" time="0.000" classname="udemy.practice.TestNGPracticeTest">
    <skipped/>
  </testcase> <!-- testBefore -->
  <testcase name="testClassEnd" time="0.000" classname="udemy.practice.TestNGPracticeTest">
    <skipped/>
  </testcase> <!-- testClassEnd -->
  <testcase name="testFive" time="0.000" classname="udemy.practice.TestNGPracticeTest">
    <skipped/>
  </testcase> <!-- testFive -->
  <testcase name="testTwo" time="0.000" classname="udemy.practice.TestNGPracticeTest">
    <skipped/>
  </testcase> <!-- testTwo -->
  <testcase name="testOne" time="0.000" classname="udemy.practice.TestNGPracticeTest">
    <skipped/>
  </testcase> <!-- testOne -->
  <testcase name="testOne" time="0.000" classname="udemy.practice.TestNGPracticeTest">
    <skipped/>
  </testcase> <!-- testOne -->
  <testcase name="testFour" time="0.000" classname="udemy.practice.TestNGPracticeTest">
    <skipped/>
  </testcase> <!-- testFour -->
  <testcase name="testThree" time="0.000" classname="udemy.practice.TestNGPracticeTest">
    <skipped/>
  </testcase> <!-- testThree -->
</testsuite> <!-- udemy.practice.TestNGPracticeTest -->
