<?xml version="1.0" encoding="UTF-8"?>
<!-- Generated by org.testng.reporters.JUnitReportReporter -->
<testsuite skipped="1" hostname="Lokeshs-Air" name="udemy.practice.Base1GoogleMapsGetTest" tests="1" failures="0" timestamp="20 Jun 2019 10:18:50 GMT" time="0.000" errors="0">
  <testcase name="GoogleMapsGetTest" time="0.000" classname="udemy.practice.Base1GoogleMapsGetTest">
    <skipped/>
  </testcase> <!-- GoogleMapsGetTest -->
</testsuite> <!-- udemy.practice.Base1GoogleMapsGetTest -->
