<?xml version="1.0" encoding="UTF-8"?>
<!-- Generated by org.testng.reporters.JUnitReportReporter -->
<testsuite skipped="0" hostname="Lokeshs-Air" name="udemy.practice.Base2GoogleMapsPostTest" tests="1" failures="0" timestamp="05 Jun 2019 16:27:32 GMT" time="2.752" errors="0">
  <testcase name="postTest" time="2.752" classname="udemy.practice.Base2GoogleMapsPostTest"/>
</testsuite> <!-- udemy.practice.Base2GoogleMapsPostTest -->
