<?xml version="1.0" encoding="UTF-8"?>
<!-- Generated by org.testng.reporters.JUnitReportReporter -->
<testsuite skipped="0" hostname="Lokeshs-Air" name="udemy.practice.ConvertJsonToStringTest" tests="1" failures="0" timestamp="10 Jun 2019 16:25:35 GMT" time="2.543" errors="0">
  <testcase name="addBooks" time="2.543" classname="udemy.practice.ConvertJsonToStringTest"/>
</testsuite> <!-- udemy.practice.ConvertJsonToStringTest -->
