<?xml version="1.0" encoding="UTF-8"?>
<!-- Generated by org.testng.reporters.JUnitReportReporter -->
<testsuite skipped="1" hostname="Lokeshs-Air" name="udemy.practice.ConvertJsonToStringTest" tests="1" failures="0" timestamp="21 Jun 2019 07:21:41 GMT" time="0.000" errors="0">
  <testcase name="addBooks" time="0.000" classname="udemy.practice.ConvertJsonToStringTest">
    <skipped/>
  </testcase> <!-- addBooks -->
</testsuite> <!-- udemy.practice.ConvertJsonToStringTest -->
