<?xml version="1.0" encoding="UTF-8"?>
<!-- Generated by org.testng.reporters.JUnitReportReporter -->
<testsuite skipped="0" hostname="Lokeshs-Air" name="udemy.practice.JiraBugCreateTest" tests="3" failures="0" timestamp="13 Jun 2019 17:07:53 GMT" time="21.777" errors="0">
  <testcase name="createJiraBug" time="1.330" classname="udemy.practice.JiraBugCreateTest"/>
  <testcase name="addCommentToBug" time="0.279" classname="udemy.practice.JiraBugCreateTest"/>
  <testcase name="deleteBug" time="20.168" classname="udemy.practice.JiraBugCreateTest"/>
</testsuite> <!-- udemy.practice.JiraBugCreateTest -->
