<?xml version="1.0" encoding="UTF-8"?>
<!-- Generated by org.testng.reporters.JUnitReportReporter -->
<testsuite skipped="0" hostname="Lokeshs-Air" name="udemy.practice.Base1GoogleMapsGetTest" tests="1" failures="0" timestamp="06 Jun 2019 13:00:24 GMT" time="11.236" errors="0">
  <testcase name="GoogleMapsGetTest" time="11.236" classname="udemy.practice.Base1GoogleMapsGetTest"/>
</testsuite> <!-- udemy.practice.Base1GoogleMapsGetTest -->
