<?xml version="1.0" encoding="UTF-8"?>
<!-- Generated by org.testng.reporters.JUnitReportReporter -->
<testsuite skipped="0" hostname="Lokeshs-Air" name="udemy.practice.DataDrivenLibraryAPITest" tests="7" failures="0" timestamp="20 Jun 2019 10:18:50 GMT" time="3.315" errors="0">
  <testcase name="deleteBooks" time="0.233" classname="udemy.practice.DataDrivenLibraryAPITest"/>
  <testcase name="addBooks" time="0.330" classname="udemy.practice.DataDrivenLibraryAPITest"/>
  <testcase name="deleteBooks" time="0.252" classname="udemy.practice.DataDrivenLibraryAPITest"/>
  <testcase name="addBooks" time="1.685" classname="udemy.practice.DataDrivenLibraryAPITest"/>
  <testcase name="testLog4J" time="0.005" classname="udemy.practice.DataDrivenLibraryAPITest"/>
  <testcase name="addBooks" time="0.575" classname="udemy.practice.DataDrivenLibraryAPITest"/>
  <testcase name="deleteBooks" time="0.235" classname="udemy.practice.DataDrivenLibraryAPITest"/>
</testsuite> <!-- udemy.practice.DataDrivenLibraryAPITest -->
