<?xml version="1.0" encoding="UTF-8"?>
<!-- Generated by org.testng.reporters.JUnitReportReporter -->
<testsuite skipped="0" hostname="Lokeshs-Air" name="udemy.practice.ConvertJsonToStringTest" tests="1" failures="0" timestamp="21 Jun 2019 05:41:24 GMT" time="1.951" errors="0">
  <testcase name="addBooks" time="1.951" classname="udemy.practice.ConvertJsonToStringTest"/>
</testsuite> <!-- udemy.practice.ConvertJsonToStringTest -->
