<?xml version="1.0" encoding="UTF-8"?>
<!-- Generated by org.testng.reporters.JUnitReportReporter -->
<testsuite skipped="0" hostname="Lokeshs-Air" name="udemy.practice.DataDrivenLibraryAPITest" tests="6" failures="0" timestamp="06 Jun 2019 17:57:58 GMT" time="3.419" errors="0">
  <testcase name="deleteBooks" time="0.241" classname="udemy.practice.DataDrivenLibraryAPITest"/>
  <testcase name="addBooks" time="0.260" classname="udemy.practice.DataDrivenLibraryAPITest"/>
  <testcase name="addBooks" time="0.253" classname="udemy.practice.DataDrivenLibraryAPITest"/>
  <testcase name="addBooks" time="2.248" classname="udemy.practice.DataDrivenLibraryAPITest"/>
  <testcase name="deleteBooks" time="0.201" classname="udemy.practice.DataDrivenLibraryAPITest"/>
  <testcase name="deleteBooks" time="0.216" classname="udemy.practice.DataDrivenLibraryAPITest"/>
</testsuite> <!-- udemy.practice.DataDrivenLibraryAPITest -->
