<?xml version="1.0" encoding="UTF-8"?>
<!-- Generated by org.testng.reporters.JUnitReportReporter -->
<testsuite skipped="0" hostname="Lokeshs-Air" name="udemy.practice.Base2GoogleMapsPostTest" tests="1" failures="0" timestamp="21 Jun 2019 05:41:24 GMT" time="2.679" errors="0">
  <testcase name="postTest" time="2.679" classname="udemy.practice.Base2GoogleMapsPostTest"/>
</testsuite> <!-- udemy.practice.Base2GoogleMapsPostTest -->
