<?xml version="1.0" encoding="UTF-8"?>
<!-- Generated by org.testng.reporters.JUnitReportReporter -->
<testsuite skipped="0" hostname="Lokeshs-Air" name="udemy.practice.ConvertJsonToString" tests="1" failures="0" timestamp="07 Jun 2019 06:24:09 GMT" time="2.277" errors="0">
  <testcase name="addBooks" time="2.277" classname="udemy.practice.ConvertJsonToString"/>
</testsuite> <!-- udemy.practice.ConvertJsonToString -->
