<?xml version="1.0" encoding="UTF-8"?>
<!-- Generated by org.testng.reporters.JUnitReportReporter -->
<testsuite skipped="0" hostname="Lokeshs-Air" name="udemy.practice.ConvertJsonToStringTest" tests="1" failures="0" timestamp="26 Jun 2019 12:38:32 GMT" time="2.849" errors="0">
  <testcase name="addBookFromHashMap" time="2.849" classname="udemy.practice.ConvertJsonToStringTest"/>
</testsuite> <!-- udemy.practice.ConvertJsonToStringTest -->
